2019-01-16 00:01:00,239 INFO  [Version]  - Hibernate Commons Annotations 3.2.0.Final
2019-01-16 00:01:00,244 INFO  [Environment]  - Hibernate 3.6.6.Final
2019-01-16 00:01:00,245 INFO  [Environment]  - hibernate.properties not found
2019-01-16 00:01:00,248 INFO  [Environment]  - Bytecode provider name : javassist
2019-01-16 00:01:00,251 INFO  [Environment]  - using JDK 1.4 java.sql.Timestamp handling
2019-01-16 00:01:00,348 INFO  [AnnotationBinder]  - Binding entity from annotated class: com.example.shdemo.domain.Producer
2019-01-16 00:01:00,362 INFO  [QueryBinder]  - Binding Named query: producer.getAll => Select p from Producer p
2019-01-16 00:01:00,363 INFO  [QueryBinder]  - Binding Named query: producer.getById => Select p from Producer p where :id=p.id
2019-01-16 00:01:00,363 INFO  [QueryBinder]  - Binding Named query: producer.getByName => Select p from Producer p where :name=p.name
2019-01-16 00:01:00,380 INFO  [EntityBinder]  - Bind entity com.example.shdemo.domain.Producer on table Producer
2019-01-16 00:01:00,427 INFO  [AnnotationBinder]  - Binding entity from annotated class: com.example.shdemo.domain.Car
2019-01-16 00:01:00,427 INFO  [QueryBinder]  - Binding Named query: car.unsold => Select c from Car c where c.sold = false
2019-01-16 00:01:00,428 INFO  [EntityBinder]  - Bind entity com.example.shdemo.domain.Car on table Car
2019-01-16 00:01:00,431 INFO  [AnnotationBinder]  - Binding entity from annotated class: com.example.shdemo.domain.Sock
2019-01-16 00:01:00,432 INFO  [QueryBinder]  - Binding Named query: sock.getAll => Select s from Sock s
2019-01-16 00:01:00,432 INFO  [QueryBinder]  - Binding Named query: sock.getByName => Select s from Sock s where s.name = :name
2019-01-16 00:01:00,432 INFO  [EntityBinder]  - Bind entity com.example.shdemo.domain.Sock on table Sock
2019-01-16 00:01:00,444 INFO  [AnnotationBinder]  - Binding entity from annotated class: com.example.shdemo.domain.Label
2019-01-16 00:01:00,445 INFO  [EntityBinder]  - Bind entity com.example.shdemo.domain.Label on table Label
2019-01-16 00:01:00,447 INFO  [AnnotationBinder]  - Binding entity from annotated class: com.example.shdemo.domain.Wearer
2019-01-16 00:01:00,448 INFO  [EntityBinder]  - Bind entity com.example.shdemo.domain.Wearer on table Wearer
2019-01-16 00:01:00,450 INFO  [AnnotationBinder]  - Binding entity from annotated class: com.example.shdemo.domain.Person
2019-01-16 00:01:00,450 INFO  [QueryBinder]  - Binding Named query: person.all => Select p from Person p
2019-01-16 00:01:00,451 INFO  [QueryBinder]  - Binding Named query: person.byPin => Select p from Person p where p.pin = :pin
2019-01-16 00:01:00,451 INFO  [EntityBinder]  - Bind entity com.example.shdemo.domain.Person on table Person
2019-01-16 00:01:00,482 INFO  [Configuration]  - Hibernate Validator not found: ignoring
2019-01-16 00:01:00,486 INFO  [HibernateSearchEventListenerRegister]  - Unable to find org.hibernate.search.event.FullTextIndexEventListener on the classpath. Hibernate Search is not enabled.
2019-01-16 00:01:00,499 INFO  [ConnectionProviderFactory]  - Initializing connection provider: org.springframework.orm.hibernate3.LocalDataSourceConnectionProvider
2019-01-16 00:01:00,812 INFO  [Dialect]  - Using dialect: org.hibernate.dialect.HSQLDialect
2019-01-16 00:01:00,854 INFO  [SettingsFactory]  - Database ->
       name : HSQL Database Engine
    version : 2.2.4
      major : 2
      minor : 2
2019-01-16 00:01:00,855 INFO  [SettingsFactory]  - Driver ->
       name : HSQL Database Engine Driver
    version : 2.2.4
      major : 2
      minor : 2
2019-01-16 00:01:00,857 INFO  [TransactionFactoryFactory]  - Transaction strategy: org.springframework.orm.hibernate3.SpringTransactionFactory
2019-01-16 00:01:00,859 INFO  [TransactionManagerLookupFactory]  - No TransactionManagerLookup configured (in JTA environment, use of read-write or transactional second-level cache is not recommended)
2019-01-16 00:01:00,859 INFO  [SettingsFactory]  - Automatic flush during beforeCompletion(): disabled
2019-01-16 00:01:00,859 INFO  [SettingsFactory]  - Automatic session close at end of transaction: disabled
2019-01-16 00:01:00,859 INFO  [SettingsFactory]  - JDBC batch size: 15
2019-01-16 00:01:00,860 INFO  [SettingsFactory]  - JDBC batch updates for versioned data: disabled
2019-01-16 00:01:00,860 INFO  [SettingsFactory]  - Scrollable result sets: enabled
2019-01-16 00:01:00,861 INFO  [SettingsFactory]  - JDBC3 getGeneratedKeys(): enabled
2019-01-16 00:01:00,861 INFO  [SettingsFactory]  - Connection release mode: auto
2019-01-16 00:01:00,862 INFO  [SettingsFactory]  - Default batch fetch size: 1
2019-01-16 00:01:00,862 INFO  [SettingsFactory]  - Generate SQL with comments: disabled
2019-01-16 00:01:00,862 INFO  [SettingsFactory]  - Order SQL updates by primary key: disabled
2019-01-16 00:01:00,862 INFO  [SettingsFactory]  - Order SQL inserts for batching: disabled
2019-01-16 00:01:00,862 INFO  [SettingsFactory]  - Query translator: org.hibernate.hql.ast.ASTQueryTranslatorFactory
2019-01-16 00:01:00,864 INFO  [ASTQueryTranslatorFactory]  - Using ASTQueryTranslatorFactory
2019-01-16 00:01:00,864 INFO  [SettingsFactory]  - Query language substitutions: {}
2019-01-16 00:01:00,864 INFO  [SettingsFactory]  - JPA-QL strict compliance: disabled
2019-01-16 00:01:00,865 INFO  [SettingsFactory]  - Second-level cache: enabled
2019-01-16 00:01:00,865 INFO  [SettingsFactory]  - Query cache: disabled
2019-01-16 00:01:00,865 INFO  [SettingsFactory]  - Cache region factory : org.hibernate.cache.impl.NoCachingRegionFactory
2019-01-16 00:01:00,866 INFO  [SettingsFactory]  - Optimize cache for minimal puts: disabled
2019-01-16 00:01:00,866 INFO  [SettingsFactory]  - Structured second-level cache entries: disabled
2019-01-16 00:01:00,869 INFO  [SettingsFactory]  - Echoing all SQL to stdout
2019-01-16 00:01:00,870 INFO  [SettingsFactory]  - Statistics: disabled
2019-01-16 00:01:00,870 INFO  [SettingsFactory]  - Deleted entity synthetic identifier rollback: disabled
2019-01-16 00:01:00,870 INFO  [SettingsFactory]  - Default entity-mode: pojo
2019-01-16 00:01:00,870 INFO  [SettingsFactory]  - Named query checking : enabled
2019-01-16 00:01:00,870 INFO  [SettingsFactory]  - Check Nullability in Core (should be disabled when Bean Validation is on): enabled
2019-01-16 00:01:00,886 INFO  [SessionFactoryImpl]  - building session factory
2019-01-16 00:01:00,890 INFO  [BasicTypeRegistry]  - Type registration [wrapper_materialized_blob] overrides previous : org.hibernate.type.WrappedMaterializedBlobType@79ab3a71
2019-01-16 00:01:00,890 INFO  [BasicTypeRegistry]  - Type registration [materialized_blob] overrides previous : org.hibernate.type.MaterializedBlobType@6e5bfdfc
2019-01-16 00:01:00,890 INFO  [BasicTypeRegistry]  - Type registration [blob] overrides previous : org.hibernate.type.BlobType@3d829787
2019-01-16 00:01:00,890 INFO  [BasicTypeRegistry]  - Type registration [java.sql.Blob] overrides previous : org.hibernate.type.BlobType@3d829787
2019-01-16 00:01:00,890 INFO  [BasicTypeRegistry]  - Type registration [wrapper_characters_clob] overrides previous : org.hibernate.type.CharacterArrayClobType@71652c98
2019-01-16 00:01:00,890 INFO  [BasicTypeRegistry]  - Type registration [characters_clob] overrides previous : org.hibernate.type.PrimitiveCharacterArrayClobType@51bde877
2019-01-16 00:01:00,890 INFO  [BasicTypeRegistry]  - Type registration [materialized_clob] overrides previous : org.hibernate.type.MaterializedClobType@60b85ba1
2019-01-16 00:01:00,890 INFO  [BasicTypeRegistry]  - Type registration [clob] overrides previous : org.hibernate.type.ClobType@492fc69e
2019-01-16 00:01:00,890 INFO  [BasicTypeRegistry]  - Type registration [java.sql.Clob] overrides previous : org.hibernate.type.ClobType@492fc69e
2019-01-16 00:01:00,984 INFO  [SessionFactoryObjectFactory]  - Not binding factory to JNDI, no JNDI name configured
2019-01-16 00:01:01,110 INFO  [Dialect]  - Using dialect: org.hibernate.dialect.HSQLDialect
2019-01-16 00:01:01,126 INFO  [TableMetadata]  - table found: PUBLIC.PUBLIC.CAR
2019-01-16 00:01:01,126 INFO  [TableMetadata]  - columns: [sold, model, id, make]
2019-01-16 00:01:01,126 INFO  [TableMetadata]  - foreign keys: []
2019-01-16 00:01:01,126 INFO  [TableMetadata]  - indexes: [sys_idx_sys_pk_10056_10057]
2019-01-16 00:01:01,133 INFO  [TableMetadata]  - table found: PUBLIC.PUBLIC.LABEL
2019-01-16 00:01:01,133 INFO  [TableMetadata]  - columns: [id, label]
2019-01-16 00:01:01,133 INFO  [TableMetadata]  - foreign keys: []
2019-01-16 00:01:01,133 INFO  [TableMetadata]  - indexes: [sys_idx_sys_pk_10120_10121]
2019-01-16 00:01:01,139 INFO  [TableMetadata]  - table found: PUBLIC.PUBLIC.PERSON
2019-01-16 00:01:01,139 INFO  [TableMetadata]  - columns: [firstname, pin, registrationdate, id]
2019-01-16 00:01:01,139 INFO  [TableMetadata]  - foreign keys: []
2019-01-16 00:01:01,139 INFO  [TableMetadata]  - indexes: [sys_idx_sys_pk_10076_10078, sys_idx_sys_ct_10077_10079]
2019-01-16 00:01:01,146 INFO  [TableMetadata]  - table found: PUBLIC.PUBLIC.PERSON_CAR
2019-01-16 00:01:01,146 INFO  [TableMetadata]  - columns: [cars_id, person_id]
2019-01-16 00:01:01,146 INFO  [TableMetadata]  - foreign keys: [fk9f49fbeafc3020a, fk9f49fbea2b751bbf]
2019-01-16 00:01:01,146 INFO  [TableMetadata]  - indexes: [sys_idx_sys_ct_10082_10084, sys_idx_10101, sys_idx_10103]
2019-01-16 00:01:01,152 INFO  [TableMetadata]  - table found: PUBLIC.PUBLIC.PRODUCER
2019-01-16 00:01:01,152 INFO  [TableMetadata]  - columns: [name, id]
2019-01-16 00:01:01,153 INFO  [TableMetadata]  - foreign keys: []
2019-01-16 00:01:01,153 INFO  [TableMetadata]  - indexes: [sys_idx_sys_pk_10122_10123]
2019-01-16 00:01:01,161 INFO  [TableMetadata]  - table found: PUBLIC.PUBLIC.PRODUCER_SOCK
2019-01-16 00:01:01,162 INFO  [TableMetadata]  - columns: [producer_id, socklist_id]
2019-01-16 00:01:01,162 INFO  [TableMetadata]  - foreign keys: [fk88026c518c13615f, fk88026c51834bbb41]
2019-01-16 00:01:01,162 INFO  [TableMetadata]  - indexes: [sys_idx_10141, sys_idx_sys_ct_10126_10128, sys_idx_10139]
2019-01-16 00:01:01,168 INFO  [TableMetadata]  - table found: PUBLIC.PUBLIC.SOCK
2019-01-16 00:01:01,168 INFO  [TableMetadata]  - columns: [price, name, cotton, id, label_id, dateofproduction]
2019-01-16 00:01:01,168 INFO  [TableMetadata]  - foreign keys: [fk2767e4abc8de75]
2019-01-16 00:01:01,168 INFO  [TableMetadata]  - indexes: [sys_idx_10143, sys_idx_sys_ct_10131_10133, sys_idx_sys_pk_10130_10132]
2019-01-16 00:01:01,177 INFO  [TableMetadata]  - table found: PUBLIC.PUBLIC.SOCK_WEARER
2019-01-16 00:01:01,177 INFO  [TableMetadata]  - columns: [wearerlist_id, sock_id]
2019-01-16 00:01:01,177 INFO  [TableMetadata]  - foreign keys: [fk2f356147ebfd6901, fk2f3561476ec5d69f]
2019-01-16 00:01:01,177 INFO  [TableMetadata]  - indexes: [sys_idx_10145, sys_idx_10147]
2019-01-16 00:01:01,183 INFO  [TableMetadata]  - table found: PUBLIC.PUBLIC.WEARER
2019-01-16 00:01:01,183 INFO  [TableMetadata]  - columns: [firstname, id, lastname]
2019-01-16 00:01:01,183 INFO  [TableMetadata]  - foreign keys: []
2019-01-16 00:01:01,183 INFO  [TableMetadata]  - indexes: [sys_idx_sys_pk_10137_10138]
2019-01-16 00:01:01,500 INFO  [SessionFactoryImpl]  - closing
